<?xml version="1.0" encoding="UTF-8"?>
<!-- Generated by org.testng.reporters.JUnitXMLReporter -->
<testsuite ignored="0" hostname="SAGITEC-2463" failures="0" tests="6" name="AspireTest" time="61.204" errors="0" timestamp="2022-02-15T21:18:39 IST">
  <testcase classname="com.aspire.testcases.LoginPageTestCase" name="VerifyLoginPageTitle" time="0.025"/>
  <testcase classname="com.aspire.testcases.LoginPageTestCase" name="VerifyLoginSuccessful" time="3.002"/>
  <testcase classname="com.aspire.testcases.InventoryPageTestCase" name="VerifyLoginSuccessful" time="2.963"/>
  <testcase classname="com.aspire.testcases.InventoryPageTestCase" name="CreateNewProduct" time="9.367"/>
  <testcase classname="com.aspire.testcases.ManufacturingPageTestCase" name="verifyLoginSuccessful" time="2.611"/>
  <testcase classname="com.aspire.testcases.ManufacturingPageTestCase" name="verifyManufacutureCreated" time="18.763"/>
</testsuite> <!-- AspireTest -->
