<?xml version="1.0" encoding="UTF-8"?>
<!-- Generated by org.testng.reporters.JUnitXMLReporter -->
<testsuite ignored="0" hostname="SAGITEC-2463" failures="0" tests="4" name="AspireTest" time="43.046" errors="0" timestamp="2022-02-15T22:03:16 IST">
  <testcase classname="com.aspire.testcases.LoginPageTestCase" name="VerifyLoginPageTitle" time="0.015"/>
  <testcase classname="com.aspire.testcases.LoginPageTestCase" name="VerifyLoginSuccessful" time="2.3"/>
  <testcase classname="com.aspire.testcases.InventoryPageTestCase" name="CreateNewProduct" time="8.175"/>
  <testcase classname="com.aspire.testcases.ManufacturingPageTestCase" name="verifyManufacutureCreated" time="17.212"/>
</testsuite> <!-- AspireTest -->
