<?xml version="1.0" encoding="UTF-8"?>
<testng-results ignored="0" total="6" passed="6" failed="0" skipped="0">
  <reporter-output>
  </reporter-output>
  <suite started-at="2022-02-15T21:17:38 IST" name="AspireAutomation" finished-at="2022-02-15T21:18:39 IST" duration-ms="61204">
    <groups>
    </groups>
    <test started-at="2022-02-15T21:17:38 IST" name="AspireTest" finished-at="2022-02-15T21:18:39 IST" duration-ms="61204">
      <class name="com.aspire.testcases.LoginPageTestCase">
        <test-method is-config="true" signature="setUp()[pri:0, instance:com.aspire.testcases.LoginPageTestCase@581ac8a8]" started-at="2022-02-15T21:17:38 IST" name="setUp" finished-at="2022-02-15T21:17:43 IST" duration-ms="4431" status="PASS">
          <reporter-output>
          </reporter-output>
        </test-method> <!-- setUp -->
        <test-method signature="VerifyLoginPageTitle()[pri:1, instance:com.aspire.testcases.LoginPageTestCase@581ac8a8]" started-at="2022-02-15T21:17:43 IST" name="VerifyLoginPageTitle" finished-at="2022-02-15T21:17:43 IST" duration-ms="25" status="PASS">
          <reporter-output>
          </reporter-output>
        </test-method> <!-- VerifyLoginPageTitle -->
        <test-method is-config="true" signature="tearDown()[pri:0, instance:com.aspire.testcases.LoginPageTestCase@581ac8a8]" started-at="2022-02-15T21:17:43 IST" name="tearDown" finished-at="2022-02-15T21:17:43 IST" duration-ms="686" status="PASS">
          <reporter-output>
          </reporter-output>
        </test-method> <!-- tearDown -->
        <test-method is-config="true" signature="setUp()[pri:0, instance:com.aspire.testcases.LoginPageTestCase@581ac8a8]" started-at="2022-02-15T21:17:43 IST" name="setUp" finished-at="2022-02-15T21:17:46 IST" duration-ms="3023" status="PASS">
          <reporter-output>
          </reporter-output>
        </test-method> <!-- setUp -->
        <test-method signature="VerifyLoginSuccessful()[pri:2, instance:com.aspire.testcases.LoginPageTestCase@581ac8a8]" started-at="2022-02-15T21:17:46 IST" name="VerifyLoginSuccessful" finished-at="2022-02-15T21:17:49 IST" duration-ms="3002" status="PASS">
          <reporter-output>
          </reporter-output>
        </test-method> <!-- VerifyLoginSuccessful -->
        <test-method is-config="true" signature="tearDown()[pri:0, instance:com.aspire.testcases.LoginPageTestCase@581ac8a8]" started-at="2022-02-15T21:17:49 IST" name="tearDown" finished-at="2022-02-15T21:17:50 IST" duration-ms="714" status="PASS">
          <reporter-output>
          </reporter-output>
        </test-method> <!-- tearDown -->
      </class> <!-- com.aspire.testcases.LoginPageTestCase -->
      <class name="com.aspire.testcases.ManufacturingPageTestCase">
        <test-method is-config="true" signature="setUp()[pri:0, instance:com.aspire.testcases.ManufacturingPageTestCase@52af26ee]" started-at="2022-02-15T21:18:10 IST" name="setUp" finished-at="2022-02-15T21:18:14 IST" duration-ms="3255" status="PASS">
          <reporter-output>
          </reporter-output>
        </test-method> <!-- setUp -->
        <test-method signature="verifyLoginSuccessful()[pri:1, instance:com.aspire.testcases.ManufacturingPageTestCase@52af26ee]" started-at="2022-02-15T21:18:14 IST" name="verifyLoginSuccessful" finished-at="2022-02-15T21:18:16 IST" duration-ms="2611" status="PASS">
          <reporter-output>
          </reporter-output>
        </test-method> <!-- verifyLoginSuccessful -->
        <test-method is-config="true" signature="tearDown()[pri:0, instance:com.aspire.testcases.ManufacturingPageTestCase@52af26ee]" started-at="2022-02-15T21:18:16 IST" name="tearDown" finished-at="2022-02-15T21:18:17 IST" duration-ms="627" status="PASS">
          <reporter-output>
          </reporter-output>
        </test-method> <!-- tearDown -->
        <test-method is-config="true" signature="setUp()[pri:0, instance:com.aspire.testcases.ManufacturingPageTestCase@52af26ee]" started-at="2022-02-15T21:18:17 IST" name="setUp" finished-at="2022-02-15T21:18:20 IST" duration-ms="3199" status="PASS">
          <reporter-output>
          </reporter-output>
        </test-method> <!-- setUp -->
        <test-method signature="verifyManufacutureCreated()[pri:2, instance:com.aspire.testcases.ManufacturingPageTestCase@52af26ee]" started-at="2022-02-15T21:18:20 IST" name="verifyManufacutureCreated" finished-at="2022-02-15T21:18:39 IST" duration-ms="18763" status="PASS">
          <reporter-output>
          </reporter-output>
        </test-method> <!-- verifyManufacutureCreated -->
        <test-method is-config="true" signature="tearDown()[pri:0, instance:com.aspire.testcases.ManufacturingPageTestCase@52af26ee]" started-at="2022-02-15T21:18:39 IST" name="tearDown" finished-at="2022-02-15T21:18:39 IST" duration-ms="670" status="PASS">
          <reporter-output>
          </reporter-output>
        </test-method> <!-- tearDown -->
      </class> <!-- com.aspire.testcases.ManufacturingPageTestCase -->
      <class name="com.aspire.testcases.InventoryPageTestCase">
        <test-method is-config="true" signature="setUp()[pri:0, instance:com.aspire.testcases.InventoryPageTestCase@306e95ec]" started-at="2022-02-15T21:17:50 IST" name="setUp" finished-at="2022-02-15T21:17:53 IST" duration-ms="3041" status="PASS">
          <reporter-output>
          </reporter-output>
        </test-method> <!-- setUp -->
        <test-method signature="VerifyLoginSuccessful()[pri:1, instance:com.aspire.testcases.InventoryPageTestCase@306e95ec]" started-at="2022-02-15T21:17:53 IST" name="VerifyLoginSuccessful" finished-at="2022-02-15T21:17:56 IST" duration-ms="2963" status="PASS">
          <reporter-output>
          </reporter-output>
        </test-method> <!-- VerifyLoginSuccessful -->
        <test-method is-config="true" signature="tearDown()[pri:0, instance:com.aspire.testcases.InventoryPageTestCase@306e95ec]" started-at="2022-02-15T21:17:56 IST" name="tearDown" finished-at="2022-02-15T21:17:57 IST" duration-ms="647" status="PASS">
          <reporter-output>
          </reporter-output>
        </test-method> <!-- tearDown -->
        <test-method is-config="true" signature="setUp()[pri:0, instance:com.aspire.testcases.InventoryPageTestCase@306e95ec]" started-at="2022-02-15T21:17:57 IST" name="setUp" finished-at="2022-02-15T21:18:00 IST" duration-ms="3459" status="PASS">
          <reporter-output>
          </reporter-output>
        </test-method> <!-- setUp -->
        <test-method signature="CreateNewProduct()[pri:2, instance:com.aspire.testcases.InventoryPageTestCase@306e95ec]" started-at="2022-02-15T21:18:00 IST" name="CreateNewProduct" finished-at="2022-02-15T21:18:10 IST" duration-ms="9367" status="PASS">
          <reporter-output>
          </reporter-output>
        </test-method> <!-- CreateNewProduct -->
        <test-method is-config="true" signature="tearDown()[pri:0, instance:com.aspire.testcases.InventoryPageTestCase@306e95ec]" started-at="2022-02-15T21:18:10 IST" name="tearDown" finished-at="2022-02-15T21:18:10 IST" duration-ms="670" status="PASS">
          <reporter-output>
          </reporter-output>
        </test-method> <!-- tearDown -->
      </class> <!-- com.aspire.testcases.InventoryPageTestCase -->
    </test> <!-- AspireTest -->
  </suite> <!-- AspireAutomation -->
</testng-results>
